
=== Thu Jun  1 08:21:02 2023

Packages were changed.
Update Mode: updateDependencies

The following packages were updated:
  com.unity.inputsystem from version 1.4.4 to 1.5.1
  com.unity.recorder from version 4.0.0 to 4.0.1
  com.unity.toolchain.macos-x86_64-linux-x86_64 from version 2.0.2 to 2.0.4

=== Thu Sep 28 18:45:56 2023

Packages were changed.
Update Mode: updateDependencies

The following packages were updated:
  com.unity.ai.navigation from version 1.1.3 to 1.1.4
  com.unity.inputsystem from version 1.5.1 to 1.6.3
  com.unity.localization from version 1.3.2 to 1.4.4
  com.unity.timeline from version 1.7.4 to 1.7.5

=== Tue Oct 17 18:26:25 2023

Packages were changed.
Update Mode: updateDependencies

The following packages were updated:
  com.unity.inputsystem from version 1.6.3 to 1.7.0
